<?xml version="1.0" encoding="UTF-8"?>
<robot generator="Robot 6.1.1 (Python 3.11.4 on linux)" generated="20231127 23:26:19.461" rpa="false" schemaversion="4">
<suite id="s1" name="Login" source="/home/thiagoqa/Desktop/demoblazer/testes/login.robot">
<test id="s1-t1" name=" Autenticação válida" line="8">
<kw name="Dado que acesso o site demoblaze.com.br" library="setup_teardown" type="SETUP">
<kw name="Open Browser" library="SeleniumLibrary">
<arg>url=${URL}</arg>
<arg>browser=${BROWSER}</arg>
<doc>Opens a new browser instance to the optional ``url``.</doc>
<msg timestamp="20231127 23:26:19.884" level="INFO">Opening browser 'Chrome' to base url 'https://www.demoblaze.com/'.</msg>
<status status="PASS" starttime="20231127 23:26:19.884" endtime="20231127 23:26:21.973"/>
</kw>
<kw name="Maximize Browser Window" library="SeleniumLibrary">
<doc>Maximizes current browser window.</doc>
<status status="PASS" starttime="20231127 23:26:21.973" endtime="20231127 23:26:22.077"/>
</kw>
<status status="PASS" starttime="20231127 23:26:19.883" endtime="20231127 23:26:22.077"/>
</kw>
<kw name="Dado que realizo autenticação com dados válidos" library="login_page">
<kw name="Click Link" library="SeleniumLibrary">
<arg>${LINK_LOG_IN}</arg>
<doc>Clicks a link identified by ``locator``.</doc>
<msg timestamp="20231127 23:26:22.078" level="INFO">Clicking link 'Log in'.</msg>
<status status="PASS" starttime="20231127 23:26:22.077" endtime="20231127 23:26:22.201"/>
</kw>
<kw name="Wait Until Element Is Visible" library="SeleniumLibrary">
<arg>${MODAL}</arg>
<doc>Waits until the element ``locator`` is visible.</doc>
<status status="PASS" starttime="20231127 23:26:22.201" endtime="20231127 23:26:22.483"/>
</kw>
<kw name="Input Text" library="SeleniumLibrary">
<arg>${FIELD_USERNAME_LOG_IN}</arg>
<arg>thiagoqa</arg>
<doc>Types the given ``text`` into the text field identified by ``locator``.</doc>
<msg timestamp="20231127 23:26:22.484" level="INFO">Typing text 'thiagoqa' into text field 'id:loginusername'.</msg>
<status status="PASS" starttime="20231127 23:26:22.483" endtime="20231127 23:26:22.594"/>
</kw>
<kw name="Input Text" library="SeleniumLibrary">
<arg>${FIELD_PASSWORD_LOG_IN}</arg>
<arg>thiagoqa</arg>
<doc>Types the given ``text`` into the text field identified by ``locator``.</doc>
<msg timestamp="20231127 23:26:22.595" level="INFO">Typing text 'thiagoqa' into text field 'id:loginpassword'.</msg>
<status status="PASS" starttime="20231127 23:26:22.594" endtime="20231127 23:26:22.786"/>
</kw>
<kw name="Click Button" library="SeleniumLibrary">
<arg>${BTN_LOG_IN}</arg>
<doc>Clicks the button identified by ``locator``.</doc>
<msg timestamp="20231127 23:26:22.787" level="INFO">Clicking button 'Log in'.</msg>
<status status="PASS" starttime="20231127 23:26:22.786" endtime="20231127 23:26:22.873"/>
</kw>
<status status="PASS" starttime="20231127 23:26:22.077" endtime="20231127 23:26:22.873"/>
</kw>
<kw name="Então verifico a mensagem Welcome thiagoqa no menu" library="login_page">
<kw name="Sleep" library="BuiltIn">
<arg>2s</arg>
<doc>Pauses the test executed for the given time.</doc>
<msg timestamp="20231127 23:26:24.874" level="INFO">Slept 2 seconds</msg>
<status status="PASS" starttime="20231127 23:26:22.874" endtime="20231127 23:26:24.874"/>
</kw>
<kw name="Get Text" library="SeleniumLibrary">
<var>${text_logged}</var>
<arg>${USER_LOGGED}</arg>
<doc>Returns the text value of the element identified by ``locator``.</doc>
<msg timestamp="20231127 23:26:24.896" level="INFO">${text_logged} = Welcome thiagoqa</msg>
<status status="PASS" starttime="20231127 23:26:24.874" endtime="20231127 23:26:24.896"/>
</kw>
<kw name="Should Be Equal" library="BuiltIn">
<arg>${text_logged}</arg>
<arg>Welcome thiagoqa</arg>
<doc>Fails if the given objects are unequal.</doc>
<status status="PASS" starttime="20231127 23:26:24.896" endtime="20231127 23:26:24.896"/>
</kw>
<status status="PASS" starttime="20231127 23:26:22.873" endtime="20231127 23:26:24.896"/>
</kw>
<kw name="Fechar o navegador" library="setup_teardown" type="TEARDOWN">
<kw name="Close Browser" library="SeleniumLibrary">
<doc>Closes the current browser.</doc>
<status status="PASS" starttime="20231127 23:26:24.897" endtime="20231127 23:26:24.969"/>
</kw>
<status status="PASS" starttime="20231127 23:26:24.896" endtime="20231127 23:26:24.969"/>
</kw>
<status status="PASS" starttime="20231127 23:26:19.882" endtime="20231127 23:26:24.969"/>
</test>
<status status="PASS" starttime="20231127 23:26:19.462" endtime="20231127 23:26:24.970"/>
</suite>
<statistics>
<total>
<stat pass="1" fail="0" skip="0">All Tests</stat>
</total>
<tag>
</tag>
<suite>
<stat pass="1" fail="0" skip="0" id="s1" name="Login">Login</stat>
</suite>
</statistics>
<errors>
</errors>
</robot>
