<?xml version="1.0" encoding="UTF-8"?>
<robot generator="Robot 6.1.1 (Python 3.11.4 on linux)" generated="20231127 22:56:53.752" rpa="false" schemaversion="4">
<suite id="s1" name="Cadastro Usuario" source="/home/thiagoqa/Desktop/demoblazer/testes/cadastro_usuario.robot">
<test id="s1-t1" name="Criação de cadastro com sucesso" line="8">
<kw name="Dado que acesso o site demoblaze.com.br" library="setup_teardown" type="SETUP">
<kw name="Open Browser" library="SeleniumLibrary">
<arg>url=${URL}</arg>
<arg>browser=${BROWSER}</arg>
<doc>Opens a new browser instance to the optional ``url``.</doc>
<msg timestamp="20231127 22:56:54.140" level="INFO">Opening browser 'Chrome' to base url 'https://www.demoblaze.com/'.</msg>
<status status="PASS" starttime="20231127 22:56:54.140" endtime="20231127 22:56:56.222"/>
</kw>
<kw name="Maximize Browser Window" library="SeleniumLibrary">
<doc>Maximizes current browser window.</doc>
<status status="PASS" starttime="20231127 22:56:56.222" endtime="20231127 22:56:56.325"/>
</kw>
<status status="PASS" starttime="20231127 22:56:54.139" endtime="20231127 22:56:56.325"/>
</kw>
<kw name="Dado que eu clico no link Sign up" library="cadastro_usuario_page">
<kw name="Click Link" library="SeleniumLibrary">
<arg>${LINK_SIGN_UP}</arg>
<doc>Clicks a link identified by ``locator``.</doc>
<msg timestamp="20231127 22:56:56.326" level="INFO">Clicking link 'Sign up'.</msg>
<status status="PASS" starttime="20231127 22:56:56.325" endtime="20231127 22:56:56.438"/>
</kw>
<kw name="Wait Until Element Is Visible" library="SeleniumLibrary">
<arg>${MODAL_SIGN_UP}</arg>
<doc>Waits until the element ``locator`` is visible.</doc>
<status status="PASS" starttime="20231127 22:56:56.438" endtime="20231127 22:56:56.728"/>
</kw>
<status status="PASS" starttime="20231127 22:56:56.325" endtime="20231127 22:56:56.728"/>
</kw>
<kw name="E realizo cadastro" library="cadastro_usuario_page">
<kw name="First Name" library="FakerLibrary">
<var>${RANDOM_NAME}</var>
<msg timestamp="20231127 22:56:56.729" level="INFO">${RANDOM_NAME} = João</msg>
<status status="PASS" starttime="20231127 22:56:56.728" endtime="20231127 22:56:56.729"/>
</kw>
<kw name="Evaluate" library="BuiltIn">
<var>${RANDOM_NUMBER}</var>
<arg>random.randint(150, 9999999)</arg>
<doc>Evaluates the given expression in Python and returns the result.</doc>
<msg timestamp="20231127 22:56:56.729" level="INFO">${RANDOM_NUMBER} = 4243312</msg>
<status status="PASS" starttime="20231127 22:56:56.729" endtime="20231127 22:56:56.729"/>
</kw>
<kw name="Input Text" library="SeleniumLibrary">
<arg>${FIELD_USERNAME}</arg>
<arg>${RANDOM_NAME} ${RANDOM_NUMBER}</arg>
<doc>Types the given ``text`` into the text field identified by ``locator``.</doc>
<msg timestamp="20231127 22:56:56.731" level="INFO">Typing text 'João 4243312' into text field 'id:sign-username'.</msg>
<status status="PASS" starttime="20231127 22:56:56.729" endtime="20231127 22:56:56.834"/>
</kw>
<kw name="Input Text" library="SeleniumLibrary">
<arg>${FIELD_PASSWORD}</arg>
<arg>teste1234</arg>
<doc>Types the given ``text`` into the text field identified by ``locator``.</doc>
<msg timestamp="20231127 22:56:56.835" level="INFO">Typing text 'teste1234' into text field 'id:sign-password'.</msg>
<status status="PASS" starttime="20231127 22:56:56.834" endtime="20231127 22:56:56.911"/>
</kw>
<kw name="Click Button" library="SeleniumLibrary">
<arg>${BTN_SIGN_UP}</arg>
<doc>Clicks the button identified by ``locator``.</doc>
<msg timestamp="20231127 22:56:56.911" level="INFO">Clicking button 'Sign up'.</msg>
<status status="PASS" starttime="20231127 22:56:56.911" endtime="20231127 22:56:56.972"/>
</kw>
<status status="PASS" starttime="20231127 22:56:56.728" endtime="20231127 22:56:56.972"/>
</kw>
<kw name="Então valido a mensagem de sucesso Sign up successful." library="cadastro_usuario_page">
<kw name="Sleep" library="BuiltIn">
<arg>2s</arg>
<doc>Pauses the test executed for the given time.</doc>
<msg timestamp="20231127 22:56:58.974" level="INFO">Slept 2 seconds</msg>
<status status="PASS" starttime="20231127 22:56:56.973" endtime="20231127 22:56:58.974"/>
</kw>
<kw name="Handle Alert" library="SeleniumLibrary">
<var>${alert_text}</var>
<doc>Handles the current alert and returns its message.</doc>
<msg timestamp="20231127 22:56:58.974" level="INFO">HANDLE::&lt;class 'NoneType'&gt;::None</msg>
<msg timestamp="20231127 22:56:58.985" level="INFO">${alert_text} = Sign up successful.</msg>
<status status="PASS" starttime="20231127 22:56:58.974" endtime="20231127 22:56:58.985"/>
</kw>
<kw name="Should Be Equal As Strings" library="BuiltIn">
<arg>${alert_text}</arg>
<arg>${SUCCESS_MSG}</arg>
<doc>Fails if objects are unequal after converting them to strings.</doc>
<status status="PASS" starttime="20231127 22:56:58.986" endtime="20231127 22:56:58.986"/>
</kw>
<status status="PASS" starttime="20231127 22:56:56.972" endtime="20231127 22:56:58.986"/>
</kw>
<kw name="Fechar o navegador" library="setup_teardown" type="TEARDOWN">
<kw name="Close Browser" library="SeleniumLibrary">
<doc>Closes the current browser.</doc>
<status status="PASS" starttime="20231127 22:56:58.987" endtime="20231127 22:56:59.056"/>
</kw>
<status status="PASS" starttime="20231127 22:56:58.986" endtime="20231127 22:56:59.057"/>
</kw>
<status status="PASS" starttime="20231127 22:56:54.139" endtime="20231127 22:56:59.057"/>
</test>
<test id="s1-t2" name="Criação de cadastro com usuário repetido" line="13">
<kw name="Dado que acesso o site demoblaze.com.br" library="setup_teardown" type="SETUP">
<kw name="Open Browser" library="SeleniumLibrary">
<arg>url=${URL}</arg>
<arg>browser=${BROWSER}</arg>
<doc>Opens a new browser instance to the optional ``url``.</doc>
<msg timestamp="20231127 22:56:59.060" level="INFO">Opening browser 'Chrome' to base url 'https://www.demoblaze.com/'.</msg>
<status status="PASS" starttime="20231127 22:56:59.059" endtime="20231127 22:57:01.334"/>
</kw>
<kw name="Maximize Browser Window" library="SeleniumLibrary">
<doc>Maximizes current browser window.</doc>
<status status="PASS" starttime="20231127 22:57:01.334" endtime="20231127 22:57:01.438"/>
</kw>
<status status="PASS" starttime="20231127 22:56:59.058" endtime="20231127 22:57:01.438"/>
</kw>
<kw name="Dado que eu clico no link Sign up" library="cadastro_usuario_page">
<kw name="Click Link" library="SeleniumLibrary">
<arg>${LINK_SIGN_UP}</arg>
<doc>Clicks a link identified by ``locator``.</doc>
<msg timestamp="20231127 22:57:01.439" level="INFO">Clicking link 'Sign up'.</msg>
<status status="PASS" starttime="20231127 22:57:01.438" endtime="20231127 22:57:01.565"/>
</kw>
<kw name="Wait Until Element Is Visible" library="SeleniumLibrary">
<arg>${MODAL_SIGN_UP}</arg>
<doc>Waits until the element ``locator`` is visible.</doc>
<status status="PASS" starttime="20231127 22:57:01.565" endtime="20231127 22:57:01.836"/>
</kw>
<status status="PASS" starttime="20231127 22:57:01.438" endtime="20231127 22:57:01.836"/>
</kw>
<kw name="Quando preencho o campo usernam com usuário repetido" library="cadastro_usuario_page">
<kw name="Input Text" library="SeleniumLibrary">
<arg>${FIELD_USERNAME}</arg>
<arg>teste</arg>
<doc>Types the given ``text`` into the text field identified by ``locator``.</doc>
<msg timestamp="20231127 22:57:01.837" level="INFO">Typing text 'teste' into text field 'id:sign-username'.</msg>
<status status="PASS" starttime="20231127 22:57:01.836" endtime="20231127 22:57:01.960"/>
</kw>
<kw name="Input Text" library="SeleniumLibrary">
<arg>${FIELD_PASSWORD}</arg>
<arg>teste1234</arg>
<doc>Types the given ``text`` into the text field identified by ``locator``.</doc>
<msg timestamp="20231127 22:57:01.961" level="INFO">Typing text 'teste1234' into text field 'id:sign-password'.</msg>
<status status="PASS" starttime="20231127 22:57:01.960" endtime="20231127 22:57:02.053"/>
</kw>
<kw name="Click Button" library="SeleniumLibrary">
<arg>${BTN_SIGN_UP}</arg>
<doc>Clicks the button identified by ``locator``.</doc>
<msg timestamp="20231127 22:57:02.054" level="INFO">Clicking button 'Sign up'.</msg>
<status status="PASS" starttime="20231127 22:57:02.053" endtime="20231127 22:57:02.136"/>
</kw>
<status status="PASS" starttime="20231127 22:57:01.836" endtime="20231127 22:57:02.136"/>
</kw>
<kw name="Então valido a mensagem de erro This user already exist." library="cadastro_usuario_page">
<kw name="Sleep" library="BuiltIn">
<arg>2s</arg>
<doc>Pauses the test executed for the given time.</doc>
<msg timestamp="20231127 22:57:04.138" level="INFO">Slept 2 seconds</msg>
<status status="PASS" starttime="20231127 22:57:02.137" endtime="20231127 22:57:04.138"/>
</kw>
<kw name="Handle Alert" library="SeleniumLibrary">
<var>${alert_text}</var>
<doc>Handles the current alert and returns its message.</doc>
<msg timestamp="20231127 22:57:04.138" level="INFO">HANDLE::&lt;class 'NoneType'&gt;::None</msg>
<msg timestamp="20231127 22:57:04.151" level="INFO">${alert_text} = This user already exist.</msg>
<status status="PASS" starttime="20231127 22:57:04.138" endtime="20231127 22:57:04.151"/>
</kw>
<kw name="Should Be Equal As Strings" library="BuiltIn">
<arg>${alert_text}</arg>
<arg>${USER_ALREADY_EXIST_MSG}</arg>
<doc>Fails if objects are unequal after converting them to strings.</doc>
<status status="PASS" starttime="20231127 22:57:04.151" endtime="20231127 22:57:04.151"/>
</kw>
<status status="PASS" starttime="20231127 22:57:02.137" endtime="20231127 22:57:04.151"/>
</kw>
<kw name="Fechar o navegador" library="setup_teardown" type="TEARDOWN">
<kw name="Close Browser" library="SeleniumLibrary">
<doc>Closes the current browser.</doc>
<status status="PASS" starttime="20231127 22:57:04.152" endtime="20231127 22:57:04.222"/>
</kw>
<status status="PASS" starttime="20231127 22:57:04.152" endtime="20231127 22:57:04.223"/>
</kw>
<status status="PASS" starttime="20231127 22:56:59.057" endtime="20231127 22:57:04.223"/>
</test>
<test id="s1-t3" name="Criação de cadastro com campo username vazio" line="18">
<kw name="Dado que acesso o site demoblaze.com.br" library="setup_teardown" type="SETUP">
<kw name="Open Browser" library="SeleniumLibrary">
<arg>url=${URL}</arg>
<arg>browser=${BROWSER}</arg>
<doc>Opens a new browser instance to the optional ``url``.</doc>
<msg timestamp="20231127 22:57:04.227" level="INFO">Opening browser 'Chrome' to base url 'https://www.demoblaze.com/'.</msg>
<status status="PASS" starttime="20231127 22:57:04.226" endtime="20231127 22:57:06.445"/>
</kw>
<kw name="Maximize Browser Window" library="SeleniumLibrary">
<doc>Maximizes current browser window.</doc>
<status status="PASS" starttime="20231127 22:57:06.445" endtime="20231127 22:57:06.548"/>
</kw>
<status status="PASS" starttime="20231127 22:57:04.225" endtime="20231127 22:57:06.548"/>
</kw>
<kw name="Dado que eu clico no link Sign up" library="cadastro_usuario_page">
<kw name="Click Link" library="SeleniumLibrary">
<arg>${LINK_SIGN_UP}</arg>
<doc>Clicks a link identified by ``locator``.</doc>
<msg timestamp="20231127 22:57:06.549" level="INFO">Clicking link 'Sign up'.</msg>
<status status="PASS" starttime="20231127 22:57:06.549" endtime="20231127 22:57:06.701"/>
</kw>
<kw name="Wait Until Element Is Visible" library="SeleniumLibrary">
<arg>${MODAL_SIGN_UP}</arg>
<doc>Waits until the element ``locator`` is visible.</doc>
<status status="PASS" starttime="20231127 22:57:06.702" endtime="20231127 22:57:06.959"/>
</kw>
<status status="PASS" starttime="20231127 22:57:06.548" endtime="20231127 22:57:06.960"/>
</kw>
<kw name="Quando não preencho o campo username" library="cadastro_usuario_page">
<kw name="Input Text" library="SeleniumLibrary">
<arg>${FIELD_PASSWORD}</arg>
<arg>teste1234</arg>
<doc>Types the given ``text`` into the text field identified by ``locator``.</doc>
<msg timestamp="20231127 22:57:06.961" level="INFO">Typing text 'teste1234' into text field 'id:sign-password'.</msg>
<status status="PASS" starttime="20231127 22:57:06.960" endtime="20231127 22:57:07.074"/>
</kw>
<kw name="Click Button" library="SeleniumLibrary">
<arg>${BTN_SIGN_UP}</arg>
<doc>Clicks the button identified by ``locator``.</doc>
<msg timestamp="20231127 22:57:07.075" level="INFO">Clicking button 'Sign up'.</msg>
<status status="PASS" starttime="20231127 22:57:07.074" endtime="20231127 22:57:07.167"/>
</kw>
<status status="PASS" starttime="20231127 22:57:06.960" endtime="20231127 22:57:07.167"/>
</kw>
<kw name="Então valido a mensagem de erro Please fill out Username and Password." library="cadastro_usuario_page">
<kw name="Sleep" library="BuiltIn">
<arg>2s</arg>
<doc>Pauses the test executed for the given time.</doc>
<msg timestamp="20231127 22:57:09.169" level="INFO">Slept 2 seconds</msg>
<status status="PASS" starttime="20231127 22:57:07.168" endtime="20231127 22:57:09.169"/>
</kw>
<kw name="Handle Alert" library="SeleniumLibrary">
<var>${alert_text}</var>
<doc>Handles the current alert and returns its message.</doc>
<msg timestamp="20231127 22:57:09.169" level="INFO">HANDLE::&lt;class 'NoneType'&gt;::None</msg>
<msg timestamp="20231127 22:57:09.180" level="INFO">${alert_text} = Please fill out Username and Password.</msg>
<status status="PASS" starttime="20231127 22:57:09.169" endtime="20231127 22:57:09.180"/>
</kw>
<kw name="Should Be Equal As Strings" library="BuiltIn">
<arg>${alert_text}</arg>
<arg>${FIELD_WRONG_MSG}</arg>
<doc>Fails if objects are unequal after converting them to strings.</doc>
<status status="PASS" starttime="20231127 22:57:09.181" endtime="20231127 22:57:09.181"/>
</kw>
<status status="PASS" starttime="20231127 22:57:07.167" endtime="20231127 22:57:09.181"/>
</kw>
<kw name="Fechar o navegador" library="setup_teardown" type="TEARDOWN">
<kw name="Close Browser" library="SeleniumLibrary">
<doc>Closes the current browser.</doc>
<status status="PASS" starttime="20231127 22:57:09.182" endtime="20231127 22:57:09.255"/>
</kw>
<status status="PASS" starttime="20231127 22:57:09.182" endtime="20231127 22:57:09.255"/>
</kw>
<status status="PASS" starttime="20231127 22:57:04.225" endtime="20231127 22:57:09.256"/>
</test>
<test id="s1-t4" name="Criação de cadastro com campo password vazio" line="23">
<kw name="Dado que acesso o site demoblaze.com.br" library="setup_teardown" type="SETUP">
<kw name="Open Browser" library="SeleniumLibrary">
<arg>url=${URL}</arg>
<arg>browser=${BROWSER}</arg>
<doc>Opens a new browser instance to the optional ``url``.</doc>
<msg timestamp="20231127 22:57:09.259" level="INFO">Opening browser 'Chrome' to base url 'https://www.demoblaze.com/'.</msg>
<status status="PASS" starttime="20231127 22:57:09.258" endtime="20231127 22:57:11.453"/>
</kw>
<kw name="Maximize Browser Window" library="SeleniumLibrary">
<doc>Maximizes current browser window.</doc>
<status status="PASS" starttime="20231127 22:57:11.453" endtime="20231127 22:57:11.556"/>
</kw>
<status status="PASS" starttime="20231127 22:57:09.257" endtime="20231127 22:57:11.556"/>
</kw>
<kw name="Dado que eu clico no link Sign up" library="cadastro_usuario_page">
<kw name="Click Link" library="SeleniumLibrary">
<arg>${LINK_SIGN_UP}</arg>
<doc>Clicks a link identified by ``locator``.</doc>
<msg timestamp="20231127 22:57:11.557" level="INFO">Clicking link 'Sign up'.</msg>
<status status="PASS" starttime="20231127 22:57:11.556" endtime="20231127 22:57:11.680"/>
</kw>
<kw name="Wait Until Element Is Visible" library="SeleniumLibrary">
<arg>${MODAL_SIGN_UP}</arg>
<doc>Waits until the element ``locator`` is visible.</doc>
<status status="PASS" starttime="20231127 22:57:11.681" endtime="20231127 22:57:11.978"/>
</kw>
<status status="PASS" starttime="20231127 22:57:11.556" endtime="20231127 22:57:11.978"/>
</kw>
<kw name="Quando não preencho o campo password" library="cadastro_usuario_page">
<kw name="Input Text" library="SeleniumLibrary">
<arg>${FIELD_USERNAME}</arg>
<arg>teste</arg>
<doc>Types the given ``text`` into the text field identified by ``locator``.</doc>
<msg timestamp="20231127 22:57:11.979" level="INFO">Typing text 'teste' into text field 'id:sign-username'.</msg>
<status status="PASS" starttime="20231127 22:57:11.978" endtime="20231127 22:57:12.090"/>
</kw>
<kw name="Click Button" library="SeleniumLibrary">
<arg>${BTN_SIGN_UP}</arg>
<doc>Clicks the button identified by ``locator``.</doc>
<msg timestamp="20231127 22:57:12.091" level="INFO">Clicking button 'Sign up'.</msg>
<status status="PASS" starttime="20231127 22:57:12.091" endtime="20231127 22:57:12.218"/>
</kw>
<status status="PASS" starttime="20231127 22:57:11.978" endtime="20231127 22:57:12.219"/>
</kw>
<kw name="Então valido a mensagem de erro Please fill out Username and Password." library="cadastro_usuario_page">
<kw name="Sleep" library="BuiltIn">
<arg>2s</arg>
<doc>Pauses the test executed for the given time.</doc>
<msg timestamp="20231127 22:57:14.220" level="INFO">Slept 2 seconds</msg>
<status status="PASS" starttime="20231127 22:57:12.220" endtime="20231127 22:57:14.220"/>
</kw>
<kw name="Handle Alert" library="SeleniumLibrary">
<var>${alert_text}</var>
<doc>Handles the current alert and returns its message.</doc>
<msg timestamp="20231127 22:57:14.220" level="INFO">HANDLE::&lt;class 'NoneType'&gt;::None</msg>
<msg timestamp="20231127 22:57:14.230" level="INFO">${alert_text} = Please fill out Username and Password.</msg>
<status status="PASS" starttime="20231127 22:57:14.220" endtime="20231127 22:57:14.230"/>
</kw>
<kw name="Should Be Equal As Strings" library="BuiltIn">
<arg>${alert_text}</arg>
<arg>${FIELD_WRONG_MSG}</arg>
<doc>Fails if objects are unequal after converting them to strings.</doc>
<status status="PASS" starttime="20231127 22:57:14.231" endtime="20231127 22:57:14.232"/>
</kw>
<status status="PASS" starttime="20231127 22:57:12.219" endtime="20231127 22:57:14.232"/>
</kw>
<kw name="Fechar o navegador" library="setup_teardown" type="TEARDOWN">
<kw name="Close Browser" library="SeleniumLibrary">
<doc>Closes the current browser.</doc>
<status status="PASS" starttime="20231127 22:57:14.233" endtime="20231127 22:57:14.305"/>
</kw>
<status status="PASS" starttime="20231127 22:57:14.233" endtime="20231127 22:57:14.305"/>
</kw>
<status status="PASS" starttime="20231127 22:57:09.256" endtime="20231127 22:57:14.305"/>
</test>
<test id="s1-t5" name="Criação de cadastro com os campos username e password vazios" line="28">
<kw name="Dado que acesso o site demoblaze.com.br" library="setup_teardown" type="SETUP">
<kw name="Open Browser" library="SeleniumLibrary">
<arg>url=${URL}</arg>
<arg>browser=${BROWSER}</arg>
<doc>Opens a new browser instance to the optional ``url``.</doc>
<msg timestamp="20231127 22:57:14.308" level="INFO">Opening browser 'Chrome' to base url 'https://www.demoblaze.com/'.</msg>
<status status="PASS" starttime="20231127 22:57:14.308" endtime="20231127 22:57:16.419"/>
</kw>
<kw name="Maximize Browser Window" library="SeleniumLibrary">
<doc>Maximizes current browser window.</doc>
<status status="PASS" starttime="20231127 22:57:16.420" endtime="20231127 22:57:16.522"/>
</kw>
<status status="PASS" starttime="20231127 22:57:14.307" endtime="20231127 22:57:16.522"/>
</kw>
<kw name="Dado que eu clico no link Sign up" library="cadastro_usuario_page">
<kw name="Click Link" library="SeleniumLibrary">
<arg>${LINK_SIGN_UP}</arg>
<doc>Clicks a link identified by ``locator``.</doc>
<msg timestamp="20231127 22:57:16.523" level="INFO">Clicking link 'Sign up'.</msg>
<status status="PASS" starttime="20231127 22:57:16.523" endtime="20231127 22:57:16.687"/>
</kw>
<kw name="Wait Until Element Is Visible" library="SeleniumLibrary">
<arg>${MODAL_SIGN_UP}</arg>
<doc>Waits until the element ``locator`` is visible.</doc>
<status status="PASS" starttime="20231127 22:57:16.688" endtime="20231127 22:57:16.940"/>
</kw>
<status status="PASS" starttime="20231127 22:57:16.522" endtime="20231127 22:57:16.941"/>
</kw>
<kw name="Quando que não preencho os campos" library="cadastro_usuario_page">
<kw name="Click Button" library="SeleniumLibrary">
<arg>${BTN_SIGN_UP}</arg>
<doc>Clicks the button identified by ``locator``.</doc>
<msg timestamp="20231127 22:57:16.942" level="INFO">Clicking button 'Sign up'.</msg>
<status status="PASS" starttime="20231127 22:57:16.941" endtime="20231127 22:57:17.021"/>
</kw>
<status status="PASS" starttime="20231127 22:57:16.941" endtime="20231127 22:57:17.021"/>
</kw>
<kw name="Então valido a mensagem de erro Please fill out Username and Password." library="cadastro_usuario_page">
<kw name="Sleep" library="BuiltIn">
<arg>2s</arg>
<doc>Pauses the test executed for the given time.</doc>
<msg timestamp="20231127 22:57:19.023" level="INFO">Slept 2 seconds</msg>
<status status="PASS" starttime="20231127 22:57:17.022" endtime="20231127 22:57:19.023"/>
</kw>
<kw name="Handle Alert" library="SeleniumLibrary">
<var>${alert_text}</var>
<doc>Handles the current alert and returns its message.</doc>
<msg timestamp="20231127 22:57:19.023" level="INFO">HANDLE::&lt;class 'NoneType'&gt;::None</msg>
<msg timestamp="20231127 22:57:19.035" level="INFO">${alert_text} = Please fill out Username and Password.</msg>
<status status="PASS" starttime="20231127 22:57:19.023" endtime="20231127 22:57:19.035"/>
</kw>
<kw name="Should Be Equal As Strings" library="BuiltIn">
<arg>${alert_text}</arg>
<arg>${FIELD_WRONG_MSG}</arg>
<doc>Fails if objects are unequal after converting them to strings.</doc>
<status status="PASS" starttime="20231127 22:57:19.035" endtime="20231127 22:57:19.036"/>
</kw>
<status status="PASS" starttime="20231127 22:57:17.022" endtime="20231127 22:57:19.036"/>
</kw>
<kw name="Fechar o navegador" library="setup_teardown" type="TEARDOWN">
<kw name="Close Browser" library="SeleniumLibrary">
<doc>Closes the current browser.</doc>
<status status="PASS" starttime="20231127 22:57:19.037" endtime="20231127 22:57:19.105"/>
</kw>
<status status="PASS" starttime="20231127 22:57:19.036" endtime="20231127 22:57:19.105"/>
</kw>
<status status="PASS" starttime="20231127 22:57:14.306" endtime="20231127 22:57:19.105"/>
</test>
<status status="PASS" starttime="20231127 22:56:53.753" endtime="20231127 22:57:19.106"/>
</suite>
<statistics>
<total>
<stat pass="5" fail="0" skip="0">All Tests</stat>
</total>
<tag>
</tag>
<suite>
<stat pass="5" fail="0" skip="0" id="s1" name="Cadastro Usuario">Cadastro Usuario</stat>
</suite>
</statistics>
<errors>
</errors>
</robot>
